0 info it worked if it ends with ok
1 verbose cli [ 'C:\\Program Files\\nodejs\\node.exe',
1 verbose cli   'C:\\Program Files\\nodejs\\node_modules\\npm\\bin\\npm-cli.js',
1 verbose cli   'run',
1 verbose cli   'example',
1 verbose cli   'TODOAPP.js' ]
2 info using npm@3.10.10
3 info using node@v6.10.1
4 verbose run-script [ 'preexample', 'example', 'postexample' ]
5 info lifecycle myReduxApp@0.0.1~preexample: myReduxApp@0.0.1
6 silly lifecycle myReduxApp@0.0.1~preexample: no script for preexample, continuing
7 info lifecycle myReduxApp@0.0.1~example: myReduxApp@0.0.1
8 verbose lifecycle myReduxApp@0.0.1~example: unsafe-perm in lifecycle true
9 verbose lifecycle myReduxApp@0.0.1~example: PATH: C:\Program Files\nodejs\node_modules\npm\bin\node-gyp-bin;C:\Users\agustin.placenti\Desktop\myReduxApp\node_modules\.bin;C:\Users\agustin.placenti\AppData\Roaming\npm;C:\Program Files\nodejs\;C:\ProgramData\Oracle\Java\javapath;C:\Windows\system32;C:\Windows;C:\Windows\System32\Wbem;C:\Windows\System32\WindowsPowerShell\v1.0\;C:\Program Files (x86)\Skype\Phone\;C:\Program Files (x86)\ATI Technologies\ATI.ACE\Core-Static;C:\Program Files\Git\cmd;C:\Program Files\nodejs\;C:\Users\agustin.placenti\AppData\Local\Microsoft\WindowsApps;C:\Users\agustin.placenti\AppData\Roaming\npm
10 verbose lifecycle myReduxApp@0.0.1~example: CWD: C:\Users\agustin.placenti\Desktop\myReduxApp
11 silly lifecycle myReduxApp@0.0.1~example: Args: [ '/d /s /c', 'babel-node "TODOAPP.js"' ]
12 silly lifecycle myReduxApp@0.0.1~example: Returned: code: 1  signal: null
13 info lifecycle myReduxApp@0.0.1~example: Failed to exec example script
14 verbose stack Error: myReduxApp@0.0.1 example: `babel-node "TODOAPP.js"`
14 verbose stack Exit status 1
14 verbose stack     at EventEmitter.<anonymous> (C:\Program Files\nodejs\node_modules\npm\lib\utils\lifecycle.js:255:16)
14 verbose stack     at emitTwo (events.js:106:13)
14 verbose stack     at EventEmitter.emit (events.js:191:7)
14 verbose stack     at ChildProcess.<anonymous> (C:\Program Files\nodejs\node_modules\npm\lib\utils\spawn.js:40:14)
14 verbose stack     at emitTwo (events.js:106:13)
14 verbose stack     at ChildProcess.emit (events.js:191:7)
14 verbose stack     at maybeClose (internal/child_process.js:886:16)
14 verbose stack     at Process.ChildProcess._handle.onexit (internal/child_process.js:226:5)
15 verbose pkgid myReduxApp@0.0.1
16 verbose cwd C:\Users\agustin.placenti\Desktop\myReduxApp
17 error Windows_NT 10.0.14393
18 error argv "C:\\Program Files\\nodejs\\node.exe" "C:\\Program Files\\nodejs\\node_modules\\npm\\bin\\npm-cli.js" "run" "example" "TODOAPP.js"
19 error node v6.10.1
20 error npm  v3.10.10
21 error code ELIFECYCLE
22 error myReduxApp@0.0.1 example: `babel-node "TODOAPP.js"`
22 error Exit status 1
23 error Failed at the myReduxApp@0.0.1 example script 'babel-node "TODOAPP.js"'.
23 error Make sure you have the latest version of node.js and npm installed.
23 error If you do, this is most likely a problem with the myReduxApp package,
23 error not with npm itself.
23 error Tell the author that this fails on your system:
23 error     babel-node "TODOAPP.js"
23 error You can get information on how to open an issue for this project with:
23 error     npm bugs myReduxApp
23 error Or if that isn't available, you can get their info via:
23 error     npm owner ls myReduxApp
23 error There is likely additional logging output above.
24 verbose exit [ 1, true ]
